[2018-04-03 11:13:51] local.ERROR: Class RoleTableSeeder does not exist {"exception":"[object] (ReflectionException(code: -1): Class RoleTableSeeder does not exist at /Users/juanma/Sites/laravel/rolesjm2/vendor/laravel/framework/src/Illuminate/Container/Container.php:767)
[stacktrace]
#0 /Users/juanma/Sites/laravel/rolesjm2/vendor/laravel/framework/src/Illuminate/Container/Container.php(767): ReflectionClass->__construct('RoleTableSeeder')
#1 /Users/juanma/Sites/laravel/rolesjm2/vendor/laravel/framework/src/Illuminate/Container/Container.php(646): Illuminate\\Container\\Container->build('RoleTableSeeder')
#2 /Users/juanma/Sites/laravel/rolesjm2/vendor/laravel/framework/src/Illuminate/Container/Container.php(601): Illuminate\\Container\\Container->resolve('RoleTableSeeder', Array)
#3 /Users/juanma/Sites/laravel/rolesjm2/vendor/laravel/framework/src/Illuminate/Foundation/Application.php(734): Illuminate\\Container\\Container->make('RoleTableSeeder', Array)
#4 /Users/juanma/Sites/laravel/rolesjm2/vendor/laravel/framework/src/Illuminate/Database/Seeder.php(68): Illuminate\\Foundation\\Application->make('RoleTableSeeder')
#5 /Users/juanma/Sites/laravel/rolesjm2/vendor/laravel/framework/src/Illuminate/Database/Seeder.php(42): Illuminate\\Database\\Seeder->resolve('RoleTableSeeder')
#6 /Users/juanma/Sites/laravel/rolesjm2/database/seeds/DatabaseSeeder.php(15): Illuminate\\Database\\Seeder->call('RoleTableSeeder')
#7 [internal function]: DatabaseSeeder->run()
#8 /Users/juanma/Sites/laravel/rolesjm2/vendor/laravel/framework/src/Illuminate/Container/BoundMethod.php(29): call_user_func_array(Array, Array)
#9 /Users/juanma/Sites/laravel/rolesjm2/vendor/laravel/framework/src/Illuminate/Container/BoundMethod.php(87): Illuminate\\Container\\BoundMethod::Illuminate\\Container\\{closure}()
#10 /Users/juanma/Sites/laravel/rolesjm2/vendor/laravel/framework/src/Illuminate/Container/BoundMethod.php(31): Illuminate\\Container\\BoundMethod::callBoundMethod(Object(Illuminate\\Foundation\\Application), Array, Object(Closure))
#11 /Users/juanma/Sites/laravel/rolesjm2/vendor/laravel/framework/src/Illuminate/Container/Container.php(564): Illuminate\\Container\\BoundMethod::call(Object(Illuminate\\Foundation\\Application), Array, Array, NULL)
#12 /Users/juanma/Sites/laravel/rolesjm2/vendor/laravel/framework/src/Illuminate/Database/Seeder.php(122): Illuminate\\Container\\Container->call(Array)
#13 /Users/juanma/Sites/laravel/rolesjm2/vendor/laravel/framework/src/Illuminate/Database/Console/Seeds/SeedCommand.php(63): Illuminate\\Database\\Seeder->__invoke()
#14 /Users/juanma/Sites/laravel/rolesjm2/vendor/laravel/framework/src/Illuminate/Database/Eloquent/Concerns/GuardsAttributes.php(122): Illuminate\\Database\\Console\\Seeds\\SeedCommand->Illuminate\\Database\\Console\\Seeds\\{closure}()
#15 /Users/juanma/Sites/laravel/rolesjm2/vendor/laravel/framework/src/Illuminate/Database/Console/Seeds/SeedCommand.php(64): Illuminate\\Database\\Eloquent\\Model::unguarded(Object(Closure))
#16 [internal function]: Illuminate\\Database\\Console\\Seeds\\SeedCommand->handle()
#17 /Users/juanma/Sites/laravel/rolesjm2/vendor/laravel/framework/src/Illuminate/Container/BoundMethod.php(29): call_user_func_array(Array, Array)
#18 /Users/juanma/Sites/laravel/rolesjm2/vendor/laravel/framework/src/Illuminate/Container/BoundMethod.php(87): Illuminate\\Container\\BoundMethod::Illuminate\\Container\\{closure}()
#19 /Users/juanma/Sites/laravel/rolesjm2/vendor/laravel/framework/src/Illuminate/Container/BoundMethod.php(31): Illuminate\\Container\\BoundMethod::callBoundMethod(Object(Illuminate\\Foundation\\Application), Array, Object(Closure))
#20 /Users/juanma/Sites/laravel/rolesjm2/vendor/laravel/framework/src/Illuminate/Container/Container.php(564): Illuminate\\Container\\BoundMethod::call(Object(Illuminate\\Foundation\\Application), Array, Array, NULL)
#21 /Users/juanma/Sites/laravel/rolesjm2/vendor/laravel/framework/src/Illuminate/Console/Command.php(183): Illuminate\\Container\\Container->call(Array)
#22 /Users/juanma/Sites/laravel/rolesjm2/vendor/symfony/console/Command/Command.php(252): Illuminate\\Console\\Command->execute(Object(Symfony\\Component\\Console\\Input\\ArrayInput), Object(Illuminate\\Console\\OutputStyle))
#23 /Users/juanma/Sites/laravel/rolesjm2/vendor/laravel/framework/src/Illuminate/Console/Command.php(170): Symfony\\Component\\Console\\Command\\Command->run(Object(Symfony\\Component\\Console\\Input\\ArrayInput), Object(Illuminate\\Console\\OutputStyle))
#24 /Users/juanma/Sites/laravel/rolesjm2/vendor/laravel/framework/src/Illuminate/Console/Command.php(198): Illuminate\\Console\\Command->run(Object(Symfony\\Component\\Console\\Input\\ArrayInput), Object(Illuminate\\Console\\OutputStyle))
#25 /Users/juanma/Sites/laravel/rolesjm2/vendor/laravel/framework/src/Illuminate/Database/Console/Migrations/RefreshCommand.php(129): Illuminate\\Console\\Command->call('db:seed', Array)
#26 /Users/juanma/Sites/laravel/rolesjm2/vendor/laravel/framework/src/Illuminate/Database/Console/Migrations/RefreshCommand.php(68): Illuminate\\Database\\Console\\Migrations\\RefreshCommand->runSeeder(NULL)
#27 [internal function]: Illuminate\\Database\\Console\\Migrations\\RefreshCommand->handle()
#28 /Users/juanma/Sites/laravel/rolesjm2/vendor/laravel/framework/src/Illuminate/Container/BoundMethod.php(29): call_user_func_array(Array, Array)
#29 /Users/juanma/Sites/laravel/rolesjm2/vendor/laravel/framework/src/Illuminate/Container/BoundMethod.php(87): Illuminate\\Container\\BoundMethod::Illuminate\\Container\\{closure}()
#30 /Users/juanma/Sites/laravel/rolesjm2/vendor/laravel/framework/src/Illuminate/Container/BoundMethod.php(31): Illuminate\\Container\\BoundMethod::callBoundMethod(Object(Illuminate\\Foundation\\Application), Array, Object(Closure))
#31 /Users/juanma/Sites/laravel/rolesjm2/vendor/laravel/framework/src/Illuminate/Container/Container.php(564): Illuminate\\Container\\BoundMethod::call(Object(Illuminate\\Foundation\\Application), Array, Array, NULL)
#32 /Users/juanma/Sites/laravel/rolesjm2/vendor/laravel/framework/src/Illuminate/Console/Command.php(183): Illuminate\\Container\\Container->call(Array)
#33 /Users/juanma/Sites/laravel/rolesjm2/vendor/symfony/console/Command/Command.php(252): Illuminate\\Console\\Command->execute(Object(Symfony\\Component\\Console\\Input\\ArgvInput), Object(Illuminate\\Console\\OutputStyle))
#34 /Users/juanma/Sites/laravel/rolesjm2/vendor/laravel/framework/src/Illuminate/Console/Command.php(170): Symfony\\Component\\Console\\Command\\Command->run(Object(Symfony\\Component\\Console\\Input\\ArgvInput), Object(Illuminate\\Console\\OutputStyle))
#35 /Users/juanma/Sites/laravel/rolesjm2/vendor/symfony/console/Application.php(865): Illuminate\\Console\\Command->run(Object(Symfony\\Component\\Console\\Input\\ArgvInput), Object(Symfony\\Component\\Console\\Output\\ConsoleOutput))
#36 /Users/juanma/Sites/laravel/rolesjm2/vendor/symfony/console/Application.php(241): Symfony\\Component\\Console\\Application->doRunCommand(Object(Illuminate\\Database\\Console\\Migrations\\RefreshCommand), Object(Symfony\\Component\\Console\\Input\\ArgvInput), Object(Symfony\\Component\\Console\\Output\\ConsoleOutput))
#37 /Users/juanma/Sites/laravel/rolesjm2/vendor/symfony/console/Application.php(143): Symfony\\Component\\Console\\Application->doRun(Object(Symfony\\Component\\Console\\Input\\ArgvInput), Object(Symfony\\Component\\Console\\Output\\ConsoleOutput))
#38 /Users/juanma/Sites/laravel/rolesjm2/vendor/laravel/framework/src/Illuminate/Console/Application.php(88): Symfony\\Component\\Console\\Application->run(Object(Symfony\\Component\\Console\\Input\\ArgvInput), Object(Symfony\\Component\\Console\\Output\\ConsoleOutput))
#39 /Users/juanma/Sites/laravel/rolesjm2/vendor/laravel/framework/src/Illuminate/Foundation/Console/Kernel.php(122): Illuminate\\Console\\Application->run(Object(Symfony\\Component\\Console\\Input\\ArgvInput), Object(Symfony\\Component\\Console\\Output\\ConsoleOutput))
#40 /Users/juanma/Sites/laravel/rolesjm2/artisan(37): Illuminate\\Foundation\\Console\\Kernel->handle(Object(Symfony\\Component\\Console\\Input\\ArgvInput), Object(Symfony\\Component\\Console\\Output\\ConsoleOutput))
#41 {main}
"} 
[2018-04-03 11:17:22] local.ERROR: Class RoleTableSeeder does not exist {"exception":"[object] (ReflectionException(code: -1): Class RoleTableSeeder does not exist at /Users/juanma/Sites/laravel/rolesjm2/vendor/laravel/framework/src/Illuminate/Container/Container.php:767)
[stacktrace]
#0 /Users/juanma/Sites/laravel/rolesjm2/vendor/laravel/framework/src/Illuminate/Container/Container.php(767): ReflectionClass->__construct('RoleTableSeeder')
#1 /Users/juanma/Sites/laravel/rolesjm2/vendor/laravel/framework/src/Illuminate/Container/Container.php(646): Illuminate\\Container\\Container->build('RoleTableSeeder')
#2 /Users/juanma/Sites/laravel/rolesjm2/vendor/laravel/framework/src/Illuminate/Container/Container.php(601): Illuminate\\Container\\Container->resolve('RoleTableSeeder', Array)
#3 /Users/juanma/Sites/laravel/rolesjm2/vendor/laravel/framework/src/Illuminate/Foundation/Application.php(734): Illuminate\\Container\\Container->make('RoleTableSeeder', Array)
#4 /Users/juanma/Sites/laravel/rolesjm2/vendor/laravel/framework/src/Illuminate/Database/Seeder.php(68): Illuminate\\Foundation\\Application->make('RoleTableSeeder')
#5 /Users/juanma/Sites/laravel/rolesjm2/vendor/laravel/framework/src/Illuminate/Database/Seeder.php(42): Illuminate\\Database\\Seeder->resolve('RoleTableSeeder')
#6 /Users/juanma/Sites/laravel/rolesjm2/database/seeds/DatabaseSeeder.php(15): Illuminate\\Database\\Seeder->call('RoleTableSeeder')
#7 [internal function]: DatabaseSeeder->run()
#8 /Users/juanma/Sites/laravel/rolesjm2/vendor/laravel/framework/src/Illuminate/Container/BoundMethod.php(29): call_user_func_array(Array, Array)
#9 /Users/juanma/Sites/laravel/rolesjm2/vendor/laravel/framework/src/Illuminate/Container/BoundMethod.php(87): Illuminate\\Container\\BoundMethod::Illuminate\\Container\\{closure}()
#10 /Users/juanma/Sites/laravel/rolesjm2/vendor/laravel/framework/src/Illuminate/Container/BoundMethod.php(31): Illuminate\\Container\\BoundMethod::callBoundMethod(Object(Illuminate\\Foundation\\Application), Array, Object(Closure))
#11 /Users/juanma/Sites/laravel/rolesjm2/vendor/laravel/framework/src/Illuminate/Container/Container.php(564): Illuminate\\Container\\BoundMethod::call(Object(Illuminate\\Foundation\\Application), Array, Array, NULL)
#12 /Users/juanma/Sites/laravel/rolesjm2/vendor/laravel/framework/src/Illuminate/Database/Seeder.php(122): Illuminate\\Container\\Container->call(Array)
#13 /Users/juanma/Sites/laravel/rolesjm2/vendor/laravel/framework/src/Illuminate/Database/Console/Seeds/SeedCommand.php(63): Illuminate\\Database\\Seeder->__invoke()
#14 /Users/juanma/Sites/laravel/rolesjm2/vendor/laravel/framework/src/Illuminate/Database/Eloquent/Concerns/GuardsAttributes.php(122): Illuminate\\Database\\Console\\Seeds\\SeedCommand->Illuminate\\Database\\Console\\Seeds\\{closure}()
#15 /Users/juanma/Sites/laravel/rolesjm2/vendor/laravel/framework/src/Illuminate/Database/Console/Seeds/SeedCommand.php(64): Illuminate\\Database\\Eloquent\\Model::unguarded(Object(Closure))
#16 [internal function]: Illuminate\\Database\\Console\\Seeds\\SeedCommand->handle()
#17 /Users/juanma/Sites/laravel/rolesjm2/vendor/laravel/framework/src/Illuminate/Container/BoundMethod.php(29): call_user_func_array(Array, Array)
#18 /Users/juanma/Sites/laravel/rolesjm2/vendor/laravel/framework/src/Illuminate/Container/BoundMethod.php(87): Illuminate\\Container\\BoundMethod::Illuminate\\Container\\{closure}()
#19 /Users/juanma/Sites/laravel/rolesjm2/vendor/laravel/framework/src/Illuminate/Container/BoundMethod.php(31): Illuminate\\Container\\BoundMethod::callBoundMethod(Object(Illuminate\\Foundation\\Application), Array, Object(Closure))
#20 /Users/juanma/Sites/laravel/rolesjm2/vendor/laravel/framework/src/Illuminate/Container/Container.php(564): Illuminate\\Container\\BoundMethod::call(Object(Illuminate\\Foundation\\Application), Array, Array, NULL)
#21 /Users/juanma/Sites/laravel/rolesjm2/vendor/laravel/framework/src/Illuminate/Console/Command.php(183): Illuminate\\Container\\Container->call(Array)
#22 /Users/juanma/Sites/laravel/rolesjm2/vendor/symfony/console/Command/Command.php(252): Illuminate\\Console\\Command->execute(Object(Symfony\\Component\\Console\\Input\\ArrayInput), Object(Illuminate\\Console\\OutputStyle))
#23 /Users/juanma/Sites/laravel/rolesjm2/vendor/laravel/framework/src/Illuminate/Console/Command.php(170): Symfony\\Component\\Console\\Command\\Command->run(Object(Symfony\\Component\\Console\\Input\\ArrayInput), Object(Illuminate\\Console\\OutputStyle))
#24 /Users/juanma/Sites/laravel/rolesjm2/vendor/laravel/framework/src/Illuminate/Console/Command.php(198): Illuminate\\Console\\Command->run(Object(Symfony\\Component\\Console\\Input\\ArrayInput), Object(Illuminate\\Console\\OutputStyle))
#25 /Users/juanma/Sites/laravel/rolesjm2/vendor/laravel/framework/src/Illuminate/Database/Console/Migrations/RefreshCommand.php(129): Illuminate\\Console\\Command->call('db:seed', Array)
#26 /Users/juanma/Sites/laravel/rolesjm2/vendor/laravel/framework/src/Illuminate/Database/Console/Migrations/RefreshCommand.php(68): Illuminate\\Database\\Console\\Migrations\\RefreshCommand->runSeeder(NULL)
#27 [internal function]: Illuminate\\Database\\Console\\Migrations\\RefreshCommand->handle()
#28 /Users/juanma/Sites/laravel/rolesjm2/vendor/laravel/framework/src/Illuminate/Container/BoundMethod.php(29): call_user_func_array(Array, Array)
#29 /Users/juanma/Sites/laravel/rolesjm2/vendor/laravel/framework/src/Illuminate/Container/BoundMethod.php(87): Illuminate\\Container\\BoundMethod::Illuminate\\Container\\{closure}()
#30 /Users/juanma/Sites/laravel/rolesjm2/vendor/laravel/framework/src/Illuminate/Container/BoundMethod.php(31): Illuminate\\Container\\BoundMethod::callBoundMethod(Object(Illuminate\\Foundation\\Application), Array, Object(Closure))
#31 /Users/juanma/Sites/laravel/rolesjm2/vendor/laravel/framework/src/Illuminate/Container/Container.php(564): Illuminate\\Container\\BoundMethod::call(Object(Illuminate\\Foundation\\Application), Array, Array, NULL)
#32 /Users/juanma/Sites/laravel/rolesjm2/vendor/laravel/framework/src/Illuminate/Console/Command.php(183): Illuminate\\Container\\Container->call(Array)
#33 /Users/juanma/Sites/laravel/rolesjm2/vendor/symfony/console/Command/Command.php(252): Illuminate\\Console\\Command->execute(Object(Symfony\\Component\\Console\\Input\\ArgvInput), Object(Illuminate\\Console\\OutputStyle))
#34 /Users/juanma/Sites/laravel/rolesjm2/vendor/laravel/framework/src/Illuminate/Console/Command.php(170): Symfony\\Component\\Console\\Command\\Command->run(Object(Symfony\\Component\\Console\\Input\\ArgvInput), Object(Illuminate\\Console\\OutputStyle))
#35 /Users/juanma/Sites/laravel/rolesjm2/vendor/symfony/console/Application.php(865): Illuminate\\Console\\Command->run(Object(Symfony\\Component\\Console\\Input\\ArgvInput), Object(Symfony\\Component\\Console\\Output\\ConsoleOutput))
#36 /Users/juanma/Sites/laravel/rolesjm2/vendor/symfony/console/Application.php(241): Symfony\\Component\\Console\\Application->doRunCommand(Object(Illuminate\\Database\\Console\\Migrations\\RefreshCommand), Object(Symfony\\Component\\Console\\Input\\ArgvInput), Object(Symfony\\Component\\Console\\Output\\ConsoleOutput))
#37 /Users/juanma/Sites/laravel/rolesjm2/vendor/symfony/console/Application.php(143): Symfony\\Component\\Console\\Application->doRun(Object(Symfony\\Component\\Console\\Input\\ArgvInput), Object(Symfony\\Component\\Console\\Output\\ConsoleOutput))
#38 /Users/juanma/Sites/laravel/rolesjm2/vendor/laravel/framework/src/Illuminate/Console/Application.php(88): Symfony\\Component\\Console\\Application->run(Object(Symfony\\Component\\Console\\Input\\ArgvInput), Object(Symfony\\Component\\Console\\Output\\ConsoleOutput))
#39 /Users/juanma/Sites/laravel/rolesjm2/vendor/laravel/framework/src/Illuminate/Foundation/Console/Kernel.php(122): Illuminate\\Console\\Application->run(Object(Symfony\\Component\\Console\\Input\\ArgvInput), Object(Symfony\\Component\\Console\\Output\\ConsoleOutput))
#40 /Users/juanma/Sites/laravel/rolesjm2/artisan(37): Illuminate\\Foundation\\Console\\Kernel->handle(Object(Symfony\\Component\\Console\\Input\\ArgvInput), Object(Symfony\\Component\\Console\\Output\\ConsoleOutput))
#41 {main}
"} 
[2018-04-03 11:17:46] local.ERROR: Class RoleTableSeeder does not exist {"exception":"[object] (ReflectionException(code: -1): Class RoleTableSeeder does not exist at /Users/juanma/Sites/laravel/rolesjm2/vendor/laravel/framework/src/Illuminate/Container/Container.php:767)
[stacktrace]
#0 /Users/juanma/Sites/laravel/rolesjm2/vendor/laravel/framework/src/Illuminate/Container/Container.php(767): ReflectionClass->__construct('RoleTableSeeder')
#1 /Users/juanma/Sites/laravel/rolesjm2/vendor/laravel/framework/src/Illuminate/Container/Container.php(646): Illuminate\\Container\\Container->build('RoleTableSeeder')
#2 /Users/juanma/Sites/laravel/rolesjm2/vendor/laravel/framework/src/Illuminate/Container/Container.php(601): Illuminate\\Container\\Container->resolve('RoleTableSeeder', Array)
#3 /Users/juanma/Sites/laravel/rolesjm2/vendor/laravel/framework/src/Illuminate/Foundation/Application.php(734): Illuminate\\Container\\Container->make('RoleTableSeeder', Array)
#4 /Users/juanma/Sites/laravel/rolesjm2/vendor/laravel/framework/src/Illuminate/Database/Seeder.php(68): Illuminate\\Foundation\\Application->make('RoleTableSeeder')
#5 /Users/juanma/Sites/laravel/rolesjm2/vendor/laravel/framework/src/Illuminate/Database/Seeder.php(42): Illuminate\\Database\\Seeder->resolve('RoleTableSeeder')
#6 /Users/juanma/Sites/laravel/rolesjm2/database/seeds/DatabaseSeeder.php(15): Illuminate\\Database\\Seeder->call('RoleTableSeeder')
#7 [internal function]: DatabaseSeeder->run()
#8 /Users/juanma/Sites/laravel/rolesjm2/vendor/laravel/framework/src/Illuminate/Container/BoundMethod.php(29): call_user_func_array(Array, Array)
#9 /Users/juanma/Sites/laravel/rolesjm2/vendor/laravel/framework/src/Illuminate/Container/BoundMethod.php(87): Illuminate\\Container\\BoundMethod::Illuminate\\Container\\{closure}()
#10 /Users/juanma/Sites/laravel/rolesjm2/vendor/laravel/framework/src/Illuminate/Container/BoundMethod.php(31): Illuminate\\Container\\BoundMethod::callBoundMethod(Object(Illuminate\\Foundation\\Application), Array, Object(Closure))
#11 /Users/juanma/Sites/laravel/rolesjm2/vendor/laravel/framework/src/Illuminate/Container/Container.php(564): Illuminate\\Container\\BoundMethod::call(Object(Illuminate\\Foundation\\Application), Array, Array, NULL)
#12 /Users/juanma/Sites/laravel/rolesjm2/vendor/laravel/framework/src/Illuminate/Database/Seeder.php(122): Illuminate\\Container\\Container->call(Array)
#13 /Users/juanma/Sites/laravel/rolesjm2/vendor/laravel/framework/src/Illuminate/Database/Console/Seeds/SeedCommand.php(63): Illuminate\\Database\\Seeder->__invoke()
#14 /Users/juanma/Sites/laravel/rolesjm2/vendor/laravel/framework/src/Illuminate/Database/Eloquent/Concerns/GuardsAttributes.php(122): Illuminate\\Database\\Console\\Seeds\\SeedCommand->Illuminate\\Database\\Console\\Seeds\\{closure}()
#15 /Users/juanma/Sites/laravel/rolesjm2/vendor/laravel/framework/src/Illuminate/Database/Console/Seeds/SeedCommand.php(64): Illuminate\\Database\\Eloquent\\Model::unguarded(Object(Closure))
#16 [internal function]: Illuminate\\Database\\Console\\Seeds\\SeedCommand->handle()
#17 /Users/juanma/Sites/laravel/rolesjm2/vendor/laravel/framework/src/Illuminate/Container/BoundMethod.php(29): call_user_func_array(Array, Array)
#18 /Users/juanma/Sites/laravel/rolesjm2/vendor/laravel/framework/src/Illuminate/Container/BoundMethod.php(87): Illuminate\\Container\\BoundMethod::Illuminate\\Container\\{closure}()
#19 /Users/juanma/Sites/laravel/rolesjm2/vendor/laravel/framework/src/Illuminate/Container/BoundMethod.php(31): Illuminate\\Container\\BoundMethod::callBoundMethod(Object(Illuminate\\Foundation\\Application), Array, Object(Closure))
#20 /Users/juanma/Sites/laravel/rolesjm2/vendor/laravel/framework/src/Illuminate/Container/Container.php(564): Illuminate\\Container\\BoundMethod::call(Object(Illuminate\\Foundation\\Application), Array, Array, NULL)
#21 /Users/juanma/Sites/laravel/rolesjm2/vendor/laravel/framework/src/Illuminate/Console/Command.php(183): Illuminate\\Container\\Container->call(Array)
#22 /Users/juanma/Sites/laravel/rolesjm2/vendor/symfony/console/Command/Command.php(252): Illuminate\\Console\\Command->execute(Object(Symfony\\Component\\Console\\Input\\ArrayInput), Object(Illuminate\\Console\\OutputStyle))
#23 /Users/juanma/Sites/laravel/rolesjm2/vendor/laravel/framework/src/Illuminate/Console/Command.php(170): Symfony\\Component\\Console\\Command\\Command->run(Object(Symfony\\Component\\Console\\Input\\ArrayInput), Object(Illuminate\\Console\\OutputStyle))
#24 /Users/juanma/Sites/laravel/rolesjm2/vendor/laravel/framework/src/Illuminate/Console/Command.php(198): Illuminate\\Console\\Command->run(Object(Symfony\\Component\\Console\\Input\\ArrayInput), Object(Illuminate\\Console\\OutputStyle))
#25 /Users/juanma/Sites/laravel/rolesjm2/vendor/laravel/framework/src/Illuminate/Database/Console/Migrations/RefreshCommand.php(129): Illuminate\\Console\\Command->call('db:seed', Array)
#26 /Users/juanma/Sites/laravel/rolesjm2/vendor/laravel/framework/src/Illuminate/Database/Console/Migrations/RefreshCommand.php(68): Illuminate\\Database\\Console\\Migrations\\RefreshCommand->runSeeder(NULL)
#27 [internal function]: Illuminate\\Database\\Console\\Migrations\\RefreshCommand->handle()
#28 /Users/juanma/Sites/laravel/rolesjm2/vendor/laravel/framework/src/Illuminate/Container/BoundMethod.php(29): call_user_func_array(Array, Array)
#29 /Users/juanma/Sites/laravel/rolesjm2/vendor/laravel/framework/src/Illuminate/Container/BoundMethod.php(87): Illuminate\\Container\\BoundMethod::Illuminate\\Container\\{closure}()
#30 /Users/juanma/Sites/laravel/rolesjm2/vendor/laravel/framework/src/Illuminate/Container/BoundMethod.php(31): Illuminate\\Container\\BoundMethod::callBoundMethod(Object(Illuminate\\Foundation\\Application), Array, Object(Closure))
#31 /Users/juanma/Sites/laravel/rolesjm2/vendor/laravel/framework/src/Illuminate/Container/Container.php(564): Illuminate\\Container\\BoundMethod::call(Object(Illuminate\\Foundation\\Application), Array, Array, NULL)
#32 /Users/juanma/Sites/laravel/rolesjm2/vendor/laravel/framework/src/Illuminate/Console/Command.php(183): Illuminate\\Container\\Container->call(Array)
#33 /Users/juanma/Sites/laravel/rolesjm2/vendor/symfony/console/Command/Command.php(252): Illuminate\\Console\\Command->execute(Object(Symfony\\Component\\Console\\Input\\ArgvInput), Object(Illuminate\\Console\\OutputStyle))
#34 /Users/juanma/Sites/laravel/rolesjm2/vendor/laravel/framework/src/Illuminate/Console/Command.php(170): Symfony\\Component\\Console\\Command\\Command->run(Object(Symfony\\Component\\Console\\Input\\ArgvInput), Object(Illuminate\\Console\\OutputStyle))
#35 /Users/juanma/Sites/laravel/rolesjm2/vendor/symfony/console/Application.php(865): Illuminate\\Console\\Command->run(Object(Symfony\\Component\\Console\\Input\\ArgvInput), Object(Symfony\\Component\\Console\\Output\\ConsoleOutput))
#36 /Users/juanma/Sites/laravel/rolesjm2/vendor/symfony/console/Application.php(241): Symfony\\Component\\Console\\Application->doRunCommand(Object(Illuminate\\Database\\Console\\Migrations\\RefreshCommand), Object(Symfony\\Component\\Console\\Input\\ArgvInput), Object(Symfony\\Component\\Console\\Output\\ConsoleOutput))
#37 /Users/juanma/Sites/laravel/rolesjm2/vendor/symfony/console/Application.php(143): Symfony\\Component\\Console\\Application->doRun(Object(Symfony\\Component\\Console\\Input\\ArgvInput), Object(Symfony\\Component\\Console\\Output\\ConsoleOutput))
#38 /Users/juanma/Sites/laravel/rolesjm2/vendor/laravel/framework/src/Illuminate/Console/Application.php(88): Symfony\\Component\\Console\\Application->run(Object(Symfony\\Component\\Console\\Input\\ArgvInput), Object(Symfony\\Component\\Console\\Output\\ConsoleOutput))
#39 /Users/juanma/Sites/laravel/rolesjm2/vendor/laravel/framework/src/Illuminate/Foundation/Console/Kernel.php(122): Illuminate\\Console\\Application->run(Object(Symfony\\Component\\Console\\Input\\ArgvInput), Object(Symfony\\Component\\Console\\Output\\ConsoleOutput))
#40 /Users/juanma/Sites/laravel/rolesjm2/artisan(37): Illuminate\\Foundation\\Console\\Kernel->handle(Object(Symfony\\Component\\Console\\Input\\ArgvInput), Object(Symfony\\Component\\Console\\Output\\ConsoleOutput))
#41 {main}
"} 
